This file contains any messages produced by compilers while
running configure, to aid debugging if configure makes a mistake.

It was created by configure, which was
generated by GNU Autoconf 2.59.  Invocation command line was

  $ ./configure 

## --------- ##
## Platform. ##
## --------- ##

hostname = bebox
uname -m = BePC
uname -r = 5.1
uname -s = BeOS
uname -v = 1000009

/usr/bin/uname -p = unknown
/bin/uname -X     = unknown

/bin/arch              = unknown
/usr/bin/arch -k       = unknown
/usr/convex/getsysinfo = unknown
hostinfo               = unknown
/bin/machine           = unknown
/usr/bin/oslevel       = unknown
/bin/universe          = unknown

PATH: .
PATH: /boot/home/config/bin
PATH: /bin
PATH: /boot/apps
PATH: /boot/preferences
PATH: /boot/beos/apps
PATH: /boot/beos/preferences
PATH: /boot/develop/bin


## ----------- ##
## Core tests. ##
## ----------- ##

configure:1579: checking for a BSD-compatible install
configure:1634: result: /bin/install -c
configure:1645: checking whether build environment is sane
configure:1688: result: yes
configure:1745: checking for gawk
configure:1761: found /bin/gawk
configure:1771: result: gawk
configure:1781: checking whether make sets $(MAKE)
configure:1801: result: yes
configure:1956: checking whether to enable maintainer-specific portions of Makefiles
configure:1965: result: no
configure:1987: checking build system type
configure:2005: result: i586-pc-beos
configure:2013: checking host system type
configure:2027: result: i586-pc-beos
configure:2119: checking for style of include used by make
configure:2147: result: GNU
configure:2218: checking for gcc
configure:2234: found /boot/develop/bin/gcc
configure:2244: result: gcc
configure:2488: checking for C compiler version
configure:2491: gcc --version </dev/null >&5
2.95.3-beos-041202
configure:2494: $? = 0
configure:2496: gcc -v </dev/null >&5
using priority 5
Reading specs from /boot/develop/tools/gnupro/lib/gcc-lib/i586-pc-beos/2.95.3-beos-041202/specs
gcc version 2.95.3-beos-041202
configure:2499: $? = 0
configure:2501: gcc -V </dev/null >&5
gcc: argument to `-V' is missing
configure:2504: $? = 1
configure:2527: checking for C compiler default output file name
configure:2530: gcc    conftest.c  >&5
configure:2533: $? = 0
configure:2579: result: conftest
configure:2584: checking whether the C compiler works
configure:2590: ./conftest
configure:2593: $? = 0
configure:2610: result: yes
configure:2617: checking whether we are cross compiling
configure:2619: result: no
configure:2622: checking for suffix of executables
configure:2624: gcc -o conftest    conftest.c  >&5
configure:2627: $? = 0
configure:2652: result: 
configure:2658: checking for suffix of object files
configure:2679: gcc -c   conftest.c >&5
configure:2682: $? = 0
configure:2704: result: o
configure:2708: checking whether we are using the GNU C compiler
configure:2732: gcc -c   conftest.c >&5
configure:2738: $? = 0
configure:2741: test -z 			 || test ! -s conftest.err
configure:2744: $? = 0
configure:2747: test -s conftest.o
configure:2750: $? = 0
configure:2763: result: yes
configure:2769: checking whether gcc accepts -g
configure:2790: gcc -c -g  conftest.c >&5
configure:2796: $? = 0
configure:2799: test -z 			 || test ! -s conftest.err
configure:2802: $? = 0
configure:2805: test -s conftest.o
configure:2808: $? = 0
configure:2819: result: yes
configure:2836: checking for gcc option to accept ANSI C
configure:2906: gcc  -c -g -O2  conftest.c >&5
configure:2912: $? = 0
configure:2915: test -z 			 || test ! -s conftest.err
configure:2918: $? = 0
configure:2921: test -s conftest.o
configure:2924: $? = 0
configure:2942: result: none needed
configure:2960: gcc -c -g -O2  conftest.c >&5
/boot/home/work/speex-1.1.12/conftest.c:2: parse error before `me'
configure:2966: $? = 1
configure: failed program was:
| #ifndef __cplusplus
|   choke me
| #endif
configure:3098: checking dependency style of gcc
configure:3188: result: gcc
configure:3205: checking for a sed that does not truncate output
configure:3259: result: /bin/sed
configure:3262: checking for egrep
configure:3272: result: grep -E
configure:3288: checking for ld used by gcc
configure:3355: result: /boot/develop/tools/gnupro/i586-pc-beos/bin/ld
configure:3364: checking if the linker (/boot/develop/tools/gnupro/i586-pc-beos/bin/ld) is GNU ld
configure:3379: result: yes
configure:3384: checking for /boot/develop/tools/gnupro/i586-pc-beos/bin/ld option to reload object files
configure:3391: result: -r
configure:3400: checking for BSD-compatible nm
configure:3442: result: /bin/nm -B
configure:3446: checking whether ln -s works
configure:3450: result: yes
configure:3457: checking how to recognise dependent libraries
configure:3631: result: pass_all
configure:3844: checking how to run the C preprocessor
configure:3879: gcc -E  conftest.c
configure:3885: $? = 0
configure:3917: gcc -E  conftest.c
/boot/home/work/speex-1.1.12/conftest.c:9: ac_nonexistent.h: No such file or directory
configure:3923: $? = 1
configure: failed program was:
| /* confdefs.h.  */
| 
| #define PACKAGE_NAME ""
| #define PACKAGE_TARNAME ""
| #define PACKAGE_VERSION ""
| #define PACKAGE_STRING ""
| #define PACKAGE_BUGREPORT ""
| /* end confdefs.h.  */
| #include <ac_nonexistent.h>
configure:3962: result: gcc -E
configure:3986: gcc -E  conftest.c
configure:3992: $? = 0
configure:4024: gcc -E  conftest.c
/boot/home/work/speex-1.1.12/conftest.c:9: ac_nonexistent.h: No such file or directory
configure:4030: $? = 1
configure: failed program was:
| /* confdefs.h.  */
| 
| #define PACKAGE_NAME ""
| #define PACKAGE_TARNAME ""
| #define PACKAGE_VERSION ""
| #define PACKAGE_STRING ""
| #define PACKAGE_BUGREPORT ""
| /* end confdefs.h.  */
| #include <ac_nonexistent.h>
configure:4074: checking for ANSI C header files
configure:4099: gcc -c -g -O2  conftest.c >&5
configure:4105: $? = 0
configure:4108: test -z 			 || test ! -s conftest.err
configure:4111: $? = 0
configure:4114: test -s conftest.o
configure:4117: $? = 0
configure:4203: gcc -o conftest -g -O2   conftest.c  >&5
configure:4206: $? = 0
configure:4208: ./conftest
configure:4211: $? = 0
configure:4226: result: yes
configure:4250: checking for sys/types.h
configure:4266: gcc -c -g -O2  conftest.c >&5
configure:4272: $? = 0
configure:4275: test -z 			 || test ! -s conftest.err
configure:4278: $? = 0
configure:4281: test -s conftest.o
configure:4284: $? = 0
configure:4295: result: yes
configure:4250: checking for sys/stat.h
configure:4266: gcc -c -g -O2  conftest.c >&5
configure:4272: $? = 0
configure:4275: test -z 			 || test ! -s conftest.err
configure:4278: $? = 0
configure:4281: test -s conftest.o
configure:4284: $? = 0
configure:4295: result: yes
configure:4250: checking for stdlib.h
configure:4266: gcc -c -g -O2  conftest.c >&5
configure:4272: $? = 0
configure:4275: test -z 			 || test ! -s conftest.err
configure:4278: $? = 0
configure:4281: test -s conftest.o
configure:4284: $? = 0
configure:4295: result: yes
configure:4250: checking for string.h
configure:4266: gcc -c -g -O2  conftest.c >&5
configure:4272: $? = 0
configure:4275: test -z 			 || test ! -s conftest.err
configure:4278: $? = 0
configure:4281: test -s conftest.o
configure:4284: $? = 0
configure:4295: result: yes
configure:4250: checking for memory.h
configure:4266: gcc -c -g -O2  conftest.c >&5
configure:4272: $? = 0
configure:4275: test -z 			 || test ! -s conftest.err
configure:4278: $? = 0
configure:4281: test -s conftest.o
configure:4284: $? = 0
configure:4295: result: yes
configure:4250: checking for strings.h
configure:4266: gcc -c -g -O2  conftest.c >&5
configure:4272: $? = 0
configure:4275: test -z 			 || test ! -s conftest.err
configure:4278: $? = 0
configure:4281: test -s conftest.o
configure:4284: $? = 0
configure:4295: result: yes
configure:4250: checking for inttypes.h
configure:4266: gcc -c -g -O2  conftest.c >&5
configure:4272: $? = 0
configure:4275: test -z 			 || test ! -s conftest.err
configure:4278: $? = 0
configure:4281: test -s conftest.o
configure:4284: $? = 0
configure:4295: result: yes
configure:4250: checking for stdint.h
configure:4266: gcc -c -g -O2  conftest.c >&5
/boot/home/work/speex-1.1.12/conftest.c:52: stdint.h: No such file or directory
configure:4272: $? = 1
configure: failed program was:
| /* confdefs.h.  */
| 
| #define PACKAGE_NAME ""
| #define PACKAGE_TARNAME ""
| #define PACKAGE_VERSION ""
| #define PACKAGE_STRING ""
| #define PACKAGE_BUGREPORT ""
| #define STDC_HEADERS 1
| #define HAVE_SYS_TYPES_H 1
| #define HAVE_SYS_STAT_H 1
| #define HAVE_STDLIB_H 1
| #define HAVE_STRING_H 1
| #define HAVE_MEMORY_H 1
| #define HAVE_STRINGS_H 1
| #define HAVE_INTTYPES_H 1
| /* end confdefs.h.  */
| #include <stdio.h>
| #if HAVE_SYS_TYPES_H
| # include <sys/types.h>
| #endif
| #if HAVE_SYS_STAT_H
| # include <sys/stat.h>
| #endif
| #if STDC_HEADERS
| # include <stdlib.h>
| # include <stddef.h>
| #else
| # if HAVE_STDLIB_H
| #  include <stdlib.h>
| # endif
| #endif
| #if HAVE_STRING_H
| # if !STDC_HEADERS && HAVE_MEMORY_H
| #  include <memory.h>
| # endif
| # include <string.h>
| #endif
| #if HAVE_STRINGS_H
| # include <strings.h>
| #endif
| #if HAVE_INTTYPES_H
| # include <inttypes.h>
| #else
| # if HAVE_STDINT_H
| #  include <stdint.h>
| # endif
| #endif
| #if HAVE_UNISTD_H
| # include <unistd.h>
| #endif
| 
| #include <stdint.h>
configure:4295: result: no
configure:4250: checking for unistd.h
configure:4266: gcc -c -g -O2  conftest.c >&5
configure:4272: $? = 0
configure:4275: test -z 			 || test ! -s conftest.err
configure:4278: $? = 0
configure:4281: test -s conftest.o
configure:4284: $? = 0
configure:4295: result: yes
configure:4321: checking dlfcn.h usability
configure:4333: gcc -c -g -O2  conftest.c >&5
/boot/home/work/speex-1.1.12/conftest.c:52: dlfcn.h: No such file or directory
configure:4339: $? = 1
configure: failed program was:
| /* confdefs.h.  */
| 
| #define PACKAGE_NAME ""
| #define PACKAGE_TARNAME ""
| #define PACKAGE_VERSION ""
| #define PACKAGE_STRING ""
| #define PACKAGE_BUGREPORT ""
| #define STDC_HEADERS 1
| #define HAVE_SYS_TYPES_H 1
| #define HAVE_SYS_STAT_H 1
| #define HAVE_STDLIB_H 1
| #define HAVE_STRING_H 1
| #define HAVE_MEMORY_H 1
| #define HAVE_STRINGS_H 1
| #define HAVE_INTTYPES_H 1
| #define HAVE_UNISTD_H 1
| /* end confdefs.h.  */
| #include <stdio.h>
| #if HAVE_SYS_TYPES_H
| # include <sys/types.h>
| #endif
| #if HAVE_SYS_STAT_H
| # include <sys/stat.h>
| #endif
| #if STDC_HEADERS
| # include <stdlib.h>
| # include <stddef.h>
| #else
| # if HAVE_STDLIB_H
| #  include <stdlib.h>
| # endif
| #endif
| #if HAVE_STRING_H
| # if !STDC_HEADERS && HAVE_MEMORY_H
| #  include <memory.h>
| # endif
| # include <string.h>
| #endif
| #if HAVE_STRINGS_H
| # include <strings.h>
| #endif
| #if HAVE_INTTYPES_H
| # include <inttypes.h>
| #else
| # if HAVE_STDINT_H
| #  include <stdint.h>
| # endif
| #endif
| #if HAVE_UNISTD_H
| # include <unistd.h>
| #endif
| #include <dlfcn.h>
configure:4361: result: no
configure:4365: checking dlfcn.h presence
configure:4375: gcc -E  conftest.c
/boot/home/work/speex-1.1.12/conftest.c:18: dlfcn.h: No such file or directory
configure:4381: $? = 1
configure: failed program was:
| /* confdefs.h.  */
| 
| #define PACKAGE_NAME ""
| #define PACKAGE_TARNAME ""
| #define PACKAGE_VERSION ""
| #define PACKAGE_STRING ""
| #define PACKAGE_BUGREPORT ""
| #define STDC_HEADERS 1
| #define HAVE_SYS_TYPES_H 1
| #define HAVE_SYS_STAT_H 1
| #define HAVE_STDLIB_H 1
| #define HAVE_STRING_H 1
| #define HAVE_MEMORY_H 1
| #define HAVE_STRINGS_H 1
| #define HAVE_INTTYPES_H 1
| #define HAVE_UNISTD_H 1
| /* end confdefs.h.  */
| #include <dlfcn.h>
configure:4401: result: no
configure:4436: checking for dlfcn.h
configure:4443: result: no
configure:4508: checking for g++
configure:4524: found /boot/develop/bin/g++
configure:4534: result: g++
configure:4550: checking for C++ compiler version
configure:4553: g++ --version </dev/null >&5
2.95.3-beos-041202
configure:4556: $? = 0
configure:4558: g++ -v </dev/null >&5
using priority 5
Reading specs from /boot/develop/tools/gnupro/lib/gcc-lib/i586-pc-beos/2.95.3-beos-041202/specs
gcc version 2.95.3-beos-041202
configure:4561: $? = 0
configure:4563: g++ -V </dev/null >&5
g++: argument to `-V' missing

configure:4566: $? = 1
configure:4569: checking whether we are using the GNU C++ compiler
configure:4593: g++ -c   conftest.cc >&5
configure:4599: $? = 0
configure:4602: test -z 			 || test ! -s conftest.err
configure:4605: $? = 0
configure:4608: test -s conftest.o
configure:4611: $? = 0
configure:4624: result: yes
configure:4630: checking whether g++ accepts -g
configure:4651: g++ -c -g  conftest.cc >&5
configure:4657: $? = 0
configure:4660: test -z 			 || test ! -s conftest.err
configure:4663: $? = 0
configure:4666: test -s conftest.o
configure:4669: $? = 0
configure:4680: result: yes
configure:4722: g++ -c -g -O2  conftest.cc >&5
configure:4728: $? = 0
configure:4731: test -z 			 || test ! -s conftest.err
configure:4734: $? = 0
configure:4737: test -s conftest.o
configure:4740: $? = 0
configure:4766: g++ -c -g -O2  conftest.cc >&5
configure:4772: $? = 0
configure:4775: test -z 			 || test ! -s conftest.err
configure:4778: $? = 0
configure:4781: test -s conftest.o
configure:4784: $? = 0
configure:4809: checking dependency style of g++
configure:4899: result: gcc
configure:4921: checking how to run the C++ preprocessor
configure:4952: g++ -E  conftest.cc
configure:4958: $? = 0
configure:4990: g++ -E  conftest.cc
/boot/home/work/speex-1.1.12/conftest.cc:18: ac_nonexistent.h: No such file or directory
configure:4996: $? = 1
configure: failed program was:
| /* confdefs.h.  */
| 
| #define PACKAGE_NAME ""
| #define PACKAGE_TARNAME ""
| #define PACKAGE_VERSION ""
| #define PACKAGE_STRING ""
| #define PACKAGE_BUGREPORT ""
| #define STDC_HEADERS 1
| #define HAVE_SYS_TYPES_H 1
| #define HAVE_SYS_STAT_H 1
| #define HAVE_STDLIB_H 1
| #define HAVE_STRING_H 1
| #define HAVE_MEMORY_H 1
| #define HAVE_STRINGS_H 1
| #define HAVE_INTTYPES_H 1
| #define HAVE_UNISTD_H 1
| /* end confdefs.h.  */
| #include <ac_nonexistent.h>
configure:5035: result: g++ -E
configure:5059: g++ -E  conftest.cc
configure:5065: $? = 0
configure:5097: g++ -E  conftest.cc
/boot/home/work/speex-1.1.12/conftest.cc:18: ac_nonexistent.h: No such file or directory
configure:5103: $? = 1
configure: failed program was:
| /* confdefs.h.  */
| 
| #define PACKAGE_NAME ""
| #define PACKAGE_TARNAME ""
| #define PACKAGE_VERSION ""
| #define PACKAGE_STRING ""
| #define PACKAGE_BUGREPORT ""
| #define STDC_HEADERS 1
| #define HAVE_SYS_TYPES_H 1
| #define HAVE_SYS_STAT_H 1
| #define HAVE_STDLIB_H 1
| #define HAVE_STRING_H 1
| #define HAVE_MEMORY_H 1
| #define HAVE_STRINGS_H 1
| #define HAVE_INTTYPES_H 1
| #define HAVE_UNISTD_H 1
| /* end confdefs.h.  */
| #include <ac_nonexistent.h>
configure:5198: checking for g77
configure:5227: result: no
configure:5198: checking for f77
configure:5227: result: no
configure:5198: checking for xlf
configure:5227: result: no
configure:5198: checking for frt
configure:5227: result: no
configure:5198: checking for pgf77
configure:5227: result: no
configure:5198: checking for fort77
configure:5227: result: no
configure:5198: checking for fl32
configure:5227: result: no
configure:5198: checking for af77
configure:5227: result: no
configure:5198: checking for f90
configure:5227: result: no
configure:5198: checking for xlf90
configure:5227: result: no
configure:5198: checking for pgf90
configure:5227: result: no
configure:5198: checking for epcf90
configure:5227: result: no
configure:5198: checking for f95
configure:5227: result: no
configure:5198: checking for fort
configure:5227: result: no
configure:5198: checking for xlf95
configure:5227: result: no
configure:5198: checking for ifc
configure:5227: result: no
configure:5198: checking for efc
configure:5227: result: no
configure:5198: checking for pgf95
configure:5227: result: no
configure:5198: checking for lf95
configure:5227: result: no
configure:5198: checking for gfortran
configure:5227: result: no
configure:5242: checking for Fortran 77 compiler version
configure:5242:  --version </dev/null >&5
./configure: --version: command not found
configure:5245: $? = 127
configure:5247:  -v </dev/null >&5
./configure: -v: command not found
configure:5250: $? = 127
configure:5252:  -V </dev/null >&5
./configure: -V: command not found
configure:5255: $? = 127
configure:5263: checking whether we are using the GNU Fortran 77 compiler
configure:5277:  -c  conftest.F >&5
./configure: -c: command not found
configure:5283: $? = 127
configure: failed program was:
|       program main
| #ifndef __GNUC__
|        choke me
| #endif
| 
|       end
configure:5308: result: no
configure:5314: checking whether  accepts -g
configure:5326:  -c -g conftest.f >&5
./configure: -c: command not found
configure:5332: $? = 127
configure: failed program was:
|       program main
| 
|       end
configure:5356: result: no
configure:5386: checking the maximum length of command line arguments
configure:5451: result: 262144
configure:5462: checking command to parse /bin/nm -B output from gcc object
configure:5551: gcc -c -g -O2  conftest.c >&5
configure:5554: $? = 0
configure:5558: /bin/nm -B conftest.o \| sed -n -e 's/^.*[ 	]\([ABCDGIRSTW][ABCDGIRSTW]*\)[ 	][ 	]*\(\)\([_A-Za-z][_A-Za-z0-9]*\)$/\1 \2\3 \3/p' \> conftest.nm
configure:5561: $? = 0
configure:5613: gcc -o conftest -g -O2   conftest.c conftstm.o >&5
configure:5616: $? = 0
configure:5654: result: ok
configure:5658: checking for objdir
configure:5673: result: .libs
configure:5763: checking for ar
configure:5779: found /bin/ar
configure:5790: result: ar
configure:5843: checking for ranlib
configure:5859: found /bin/ranlib
configure:5870: result: ranlib
configure:5923: checking for strip
configure:5939: found /bin/strip
configure:5950: result: strip
configure:6212: checking if gcc static flag  works
configure:6235: result: yes
configure:6253: checking if gcc supports -fno-rtti -fno-exceptions
configure:6274: gcc -c -g -O2  -fno-rtti -fno-exceptions conftest.c >&5
configure:6278: $? = 0
configure:6286: result: yes
configure:6301: checking for gcc option to produce PIC
configure:6478: result: 
configure:6543: checking if gcc supports -c -o file.o
configure:6567: gcc -c -g -O2  -o out/conftest2.o conftest.c >&5
configure:6571: $? = 0
configure:6588: result: yes
configure:6614: checking whether the gcc linker (/boot/develop/tools/gnupro/i586-pc-beos/bin/ld) supports shared libraries
configure:7461: result: yes
configure:7487: checking whether -lc should be explicitly linked in
configure:7492: gcc -c -g -O2  conftest.c >&5
configure:7495: $? = 0
configure:7509: gcc -nostart conftest.o  -v -Wl,-soname -Wl,conftest -o conftest 2\>\&1 \| grep  -lc  \>/dev/null 2\>\&1
configure:7512: $? = 1
configure:7524: result: yes
configure:7532: checking dynamic linker characteristics
configure:8084: result: beos ld.so
configure:8088: checking how to hardcode library paths into programs
configure:8113: result: immediate
configure:8127: checking whether stripping libraries is possible
configure:8132: result: yes
configure:8955: checking if libtool supports shared libraries
configure:8957: result: yes
configure:8960: checking whether to build shared libraries
configure:9018: result: yes
configure:9021: checking whether to build static libraries
configure:9025: result: yes
configure:9117: creating libtool
configure:9664: checking for ld used by g++
configure:9731: result: /boot/develop/tools/gnupro/i586-pc-beos/bin/ld
configure:9740: checking if the linker (/boot/develop/tools/gnupro/i586-pc-beos/bin/ld) is GNU ld
configure:9755: result: yes
configure:9806: checking whether the g++ linker (/boot/develop/tools/gnupro/i586-pc-beos/bin/ld) supports shared libraries
configure:10632: result: no
configure:10650: g++ -c -g -O2  conftest.cc >&5
configure:10653: $? = 0
configure:10749: checking for g++ option to produce PIC
configure:11001: result: 
configure:11066: checking if g++ supports -c -o file.o
configure:11090: g++ -c -g -O2  -o out/conftest2.o conftest.cc >&5
configure:11094: $? = 0
configure:11111: result: yes
configure:11137: checking whether the g++ linker (/boot/develop/tools/gnupro/i586-pc-beos/bin/ld) supports shared libraries
configure:11165: result: no
configure:11236: checking dynamic linker characteristics
configure:11788: result: beos ld.so
configure:11792: checking how to hardcode library paths into programs
configure:11817: result: immediate
configure:11831: checking whether stripping libraries is possible
configure:11836: result: yes
configure:19080: checking whether byte ordering is bigendian
configure:19107: gcc -c -g -O2  conftest.c >&5
/boot/home/work/speex-1.1.12/conftest.c: In function `main':
/boot/home/work/speex-1.1.12/conftest.c:25: `bogus' undeclared (first use in this function)
/boot/home/work/speex-1.1.12/conftest.c:25: (Each undeclared identifier is reported only once
/boot/home/work/speex-1.1.12/conftest.c:25: for each function it appears in.)
/boot/home/work/speex-1.1.12/conftest.c:25: parse error before `endian'
configure:19113: $? = 1
configure: failed program was:
| /* confdefs.h.  */
| 
| #define PACKAGE_NAME ""
| #define PACKAGE_TARNAME ""
| #define PACKAGE_VERSION ""
| #define PACKAGE_STRING ""
| #define PACKAGE_BUGREPORT ""
| #define STDC_HEADERS 1
| #define HAVE_SYS_TYPES_H 1
| #define HAVE_SYS_STAT_H 1
| #define HAVE_STDLIB_H 1
| #define HAVE_STRING_H 1
| #define HAVE_MEMORY_H 1
| #define HAVE_STRINGS_H 1
| #define HAVE_INTTYPES_H 1
| #define HAVE_UNISTD_H 1
| /* end confdefs.h.  */
| #include <sys/types.h>
| #include <sys/param.h>
| 
| int
| main ()
| {
| #if !BYTE_ORDER || !BIG_ENDIAN || !LITTLE_ENDIAN
|  bogus endian macros
| #endif
| 
|   ;
|   return 0;
| }
configure:19264: gcc -o conftest -g -O2   conftest.c  >&5
configure:19267: $? = 0
configure:19269: ./conftest
configure:19272: $? = 0
configure:19288: result: no
configure:19307: checking for an ANSI C-conforming const
configure:19374: gcc -c -g -O2  conftest.c >&5
configure:19380: $? = 0
configure:19383: test -z 			 || test ! -s conftest.err
configure:19386: $? = 0
configure:19389: test -s conftest.o
configure:19392: $? = 0
configure:19403: result: yes
configure:19413: checking for inline
configure:19434: gcc -c -g -O2  conftest.c >&5
configure:19440: $? = 0
configure:19443: test -z 			 || test ! -s conftest.err
configure:19446: $? = 0
configure:19449: test -s conftest.o
configure:19452: $? = 0
configure:19464: result: inline
configure:19483: checking for C/C++ restrict keyword
configure:19501: gcc -c -g -O2  conftest.c >&5
/boot/home/work/speex-1.1.12/conftest.c:18: parse error before `x'
/boot/home/work/speex-1.1.12/conftest.c:18: warning: data definition has no type or storage class
configure:19507: $? = 1
configure: failed program was:
| /* confdefs.h.  */
| 
| #define PACKAGE_NAME ""
| #define PACKAGE_TARNAME ""
| #define PACKAGE_VERSION ""
| #define PACKAGE_STRING ""
| #define PACKAGE_BUGREPORT ""
| #define STDC_HEADERS 1
| #define HAVE_SYS_TYPES_H 1
| #define HAVE_SYS_STAT_H 1
| #define HAVE_STDLIB_H 1
| #define HAVE_STRING_H 1
| #define HAVE_MEMORY_H 1
| #define HAVE_STRINGS_H 1
| #define HAVE_INTTYPES_H 1
| #define HAVE_UNISTD_H 1
| /* end confdefs.h.  */
| float * restrict x;
configure:19501: gcc -c -g -O2  conftest.c >&5
configure:19507: $? = 0
configure:19510: test -z 			 || test ! -s conftest.err
configure:19513: $? = 0
configure:19516: test -s conftest.o
configure:19519: $? = 0
configure:19531: result: __restrict
configure:19548: checking for C99 variable-size arrays
configure:19569: gcc -c -g -O2  conftest.c >&5
configure:19575: $? = 0
configure:19578: test -z 			 || test ! -s conftest.err
configure:19581: $? = 0
configure:19584: test -s conftest.o
configure:19587: $? = 0
configure:19603: result: yes
configure:19606: checking for alloca
configure:19627: gcc -c -g -O2  conftest.c >&5
configure:19633: $? = 0
configure:19636: test -z 			 || test ! -s conftest.err
configure:19639: $? = 0
configure:19642: test -s conftest.o
configure:19645: $? = 0
configure:19665: result: yes
configure:19684: checking sys/soundcard.h usability
configure:19696: gcc -c -g -O2  conftest.c >&5
/boot/home/work/speex-1.1.12/conftest.c:54: sys/soundcard.h: No such file or directory
configure:19702: $? = 1
configure: failed program was:
| /* confdefs.h.  */
| 
| #define PACKAGE_NAME ""
| #define PACKAGE_TARNAME ""
| #define PACKAGE_VERSION ""
| #define PACKAGE_STRING ""
| #define PACKAGE_BUGREPORT ""
| #define STDC_HEADERS 1
| #define HAVE_SYS_TYPES_H 1
| #define HAVE_SYS_STAT_H 1
| #define HAVE_STDLIB_H 1
| #define HAVE_STRING_H 1
| #define HAVE_MEMORY_H 1
| #define HAVE_STRINGS_H 1
| #define HAVE_INTTYPES_H 1
| #define HAVE_UNISTD_H 1
| #define restrict __restrict
| #define VAR_ARRAYS
| /* end confdefs.h.  */
| #include <stdio.h>
| #if HAVE_SYS_TYPES_H
| # include <sys/types.h>
| #endif
| #if HAVE_SYS_STAT_H
| # include <sys/stat.h>
| #endif
| #if STDC_HEADERS
| # include <stdlib.h>
| # include <stddef.h>
| #else
| # if HAVE_STDLIB_H
| #  include <stdlib.h>
| # endif
| #endif
| #if HAVE_STRING_H
| # if !STDC_HEADERS && HAVE_MEMORY_H
| #  include <memory.h>
| # endif
| # include <string.h>
| #endif
| #if HAVE_STRINGS_H
| # include <strings.h>
| #endif
| #if HAVE_INTTYPES_H
| # include <inttypes.h>
| #else
| # if HAVE_STDINT_H
| #  include <stdint.h>
| # endif
| #endif
| #if HAVE_UNISTD_H
| # include <unistd.h>
| #endif
| #include <sys/soundcard.h>
configure:19724: result: no
configure:19728: checking sys/soundcard.h presence
configure:19738: gcc -E  conftest.c
/boot/home/work/speex-1.1.12/conftest.c:20: sys/soundcard.h: No such file or directory
configure:19744: $? = 1
configure: failed program was:
| /* confdefs.h.  */
| 
| #define PACKAGE_NAME ""
| #define PACKAGE_TARNAME ""
| #define PACKAGE_VERSION ""
| #define PACKAGE_STRING ""
| #define PACKAGE_BUGREPORT ""
| #define STDC_HEADERS 1
| #define HAVE_SYS_TYPES_H 1
| #define HAVE_SYS_STAT_H 1
| #define HAVE_STDLIB_H 1
| #define HAVE_STRING_H 1
| #define HAVE_MEMORY_H 1
| #define HAVE_STRINGS_H 1
| #define HAVE_INTTYPES_H 1
| #define HAVE_UNISTD_H 1
| #define restrict __restrict
| #define VAR_ARRAYS
| /* end confdefs.h.  */
| #include <sys/soundcard.h>
configure:19764: result: no
configure:19799: checking for sys/soundcard.h
configure:19806: result: no
configure:19684: checking sys/audioio.h usability
configure:19696: gcc -c -g -O2  conftest.c >&5
/boot/home/work/speex-1.1.12/conftest.c:54: sys/audioio.h: No such file or directory
configure:19702: $? = 1
configure: failed program was:
| /* confdefs.h.  */
| 
| #define PACKAGE_NAME ""
| #define PACKAGE_TARNAME ""
| #define PACKAGE_VERSION ""
| #define PACKAGE_STRING ""
| #define PACKAGE_BUGREPORT ""
| #define STDC_HEADERS 1
| #define HAVE_SYS_TYPES_H 1
| #define HAVE_SYS_STAT_H 1
| #define HAVE_STDLIB_H 1
| #define HAVE_STRING_H 1
| #define HAVE_MEMORY_H 1
| #define HAVE_STRINGS_H 1
| #define HAVE_INTTYPES_H 1
| #define HAVE_UNISTD_H 1
| #define restrict __restrict
| #define VAR_ARRAYS
| /* end confdefs.h.  */
| #include <stdio.h>
| #if HAVE_SYS_TYPES_H
| # include <sys/types.h>
| #endif
| #if HAVE_SYS_STAT_H
| # include <sys/stat.h>
| #endif
| #if STDC_HEADERS
| # include <stdlib.h>
| # include <stddef.h>
| #else
| # if HAVE_STDLIB_H
| #  include <stdlib.h>
| # endif
| #endif
| #if HAVE_STRING_H
| # if !STDC_HEADERS && HAVE_MEMORY_H
| #  include <memory.h>
| # endif
| # include <string.h>
| #endif
| #if HAVE_STRINGS_H
| # include <strings.h>
| #endif
| #if HAVE_INTTYPES_H
| # include <inttypes.h>
| #else
| # if HAVE_STDINT_H
| #  include <stdint.h>
| # endif
| #endif
| #if HAVE_UNISTD_H
| # include <unistd.h>
| #endif
| #include <sys/audioio.h>
configure:19724: result: no
configure:19728: checking sys/audioio.h presence
configure:19738: gcc -E  conftest.c
/boot/home/work/speex-1.1.12/conftest.c:20: sys/audioio.h: No such file or directory
configure:19744: $? = 1
configure: failed program was:
| /* confdefs.h.  */
| 
| #define PACKAGE_NAME ""
| #define PACKAGE_TARNAME ""
| #define PACKAGE_VERSION ""
| #define PACKAGE_STRING ""
| #define PACKAGE_BUGREPORT ""
| #define STDC_HEADERS 1
| #define HAVE_SYS_TYPES_H 1
| #define HAVE_SYS_STAT_H 1
| #define HAVE_STDLIB_H 1
| #define HAVE_STRING_H 1
| #define HAVE_MEMORY_H 1
| #define HAVE_STRINGS_H 1
| #define HAVE_INTTYPES_H 1
| #define HAVE_UNISTD_H 1
| #define restrict __restrict
| #define VAR_ARRAYS
| /* end confdefs.h.  */
| #include <sys/audioio.h>
configure:19764: result: no
configure:19799: checking for sys/audioio.h
configure:19806: result: no
configure:19870: checking for Ogg
configure:19905: gcc -o conftest -g -O2    conftest.c   -logg >&5
/boot/home/work/speex-1.1.12/conftest.c:24: ogg/ogg.h: No such file or directory
configure:19908: $? = 1
configure: program exited with status 1
configure: failed program was:
| /* confdefs.h.  */
| 
| #define PACKAGE_NAME ""
| #define PACKAGE_TARNAME ""
| #define PACKAGE_VERSION ""
| #define PACKAGE_STRING ""
| #define PACKAGE_BUGREPORT ""
| #define STDC_HEADERS 1
| #define HAVE_SYS_TYPES_H 1
| #define HAVE_SYS_STAT_H 1
| #define HAVE_STDLIB_H 1
| #define HAVE_STRING_H 1
| #define HAVE_MEMORY_H 1
| #define HAVE_STRINGS_H 1
| #define HAVE_INTTYPES_H 1
| #define HAVE_UNISTD_H 1
| #define restrict __restrict
| #define VAR_ARRAYS
| /* end confdefs.h.  */
| 
| #include <stdio.h>
| #include <stdlib.h>
| #include <string.h>
| #include <ogg/ogg.h>
| 
| int main ()
| {
|   system("touch conf.oggtest");
|   return 0;
| }
| 
| 
configure:19935: result: no
configure:19962: gcc -o conftest -g -O2    conftest.c   -logg >&5
/boot/home/work/speex-1.1.12/conftest.c:22: ogg/ogg.h: No such file or directory
configure:19968: $? = 1
configure: failed program was:
| /* confdefs.h.  */
| 
| #define PACKAGE_NAME ""
| #define PACKAGE_TARNAME ""
| #define PACKAGE_VERSION ""
| #define PACKAGE_STRING ""
| #define PACKAGE_BUGREPORT ""
| #define STDC_HEADERS 1
| #define HAVE_SYS_TYPES_H 1
| #define HAVE_SYS_STAT_H 1
| #define HAVE_STDLIB_H 1
| #define HAVE_STRING_H 1
| #define HAVE_MEMORY_H 1
| #define HAVE_STRINGS_H 1
| #define HAVE_INTTYPES_H 1
| #define HAVE_UNISTD_H 1
| #define restrict __restrict
| #define VAR_ARRAYS
| /* end confdefs.h.  */
| 
| #include <stdio.h>
| #include <ogg/ogg.h>
| 
| int
| main ()
| {
|  return 0;
|   ;
|   return 0;
| }
configure:20015: checking for sin in -lm
configure:20045: gcc -o conftest -g -O2   conftest.c -lm   >&5
/boot/home/work/speex-1.1.12/conftest.c:27: warning: conflicting types for built-in function `sin'
/boot/develop/tools/gnupro/i586-pc-beos/bin/ld: cannot find -lm
collect2: ld returned 1 exit status
configure:20051: $? = 1
configure: failed program was:
| /* confdefs.h.  */
| 
| #define PACKAGE_NAME ""
| #define PACKAGE_TARNAME ""
| #define PACKAGE_VERSION ""
| #define PACKAGE_STRING ""
| #define PACKAGE_BUGREPORT ""
| #define STDC_HEADERS 1
| #define HAVE_SYS_TYPES_H 1
| #define HAVE_SYS_STAT_H 1
| #define HAVE_STDLIB_H 1
| #define HAVE_STRING_H 1
| #define HAVE_MEMORY_H 1
| #define HAVE_STRINGS_H 1
| #define HAVE_INTTYPES_H 1
| #define HAVE_UNISTD_H 1
| #define restrict __restrict
| #define VAR_ARRAYS
| /* end confdefs.h.  */
| 
| /* Override any gcc2 internal prototype to avoid an error.  */
| #ifdef __cplusplus
| extern "C"
| #endif
| /* We use char because int might match the return type of a gcc2
|    builtin and then its argument prototype would still apply.  */
| char sin ();
| int
| main ()
| {
| sin ();
|   ;
|   return 0;
| }
configure:20076: result: no
configure:20093: checking for getopt_long
configure:20150: gcc -o conftest -g -O2   conftest.c  >&5
configure:20156: $? = 0
configure:20159: test -z 			 || test ! -s conftest.err
configure:20162: $? = 0
configure:20165: test -s conftest
configure:20168: $? = 0
configure:20180: result: yes
configure:20282: checking for main in -lwinmm
configure:20306: gcc -o conftest -g -O2   conftest.c -lwinmm   >&5
/boot/develop/tools/gnupro/i586-pc-beos/bin/ld: cannot find -lwinmm
collect2: ld returned 1 exit status
configure:20312: $? = 1
configure: failed program was:
| /* confdefs.h.  */
| 
| #define PACKAGE_NAME ""
| #define PACKAGE_TARNAME ""
| #define PACKAGE_VERSION ""
| #define PACKAGE_STRING ""
| #define PACKAGE_BUGREPORT ""
| #define STDC_HEADERS 1
| #define HAVE_SYS_TYPES_H 1
| #define HAVE_SYS_STAT_H 1
| #define HAVE_STDLIB_H 1
| #define HAVE_STRING_H 1
| #define HAVE_MEMORY_H 1
| #define HAVE_STRINGS_H 1
| #define HAVE_INTTYPES_H 1
| #define HAVE_UNISTD_H 1
| #define restrict __restrict
| #define VAR_ARRAYS
| #define HAVE_GETOPT_LONG 1
| /* end confdefs.h.  */
| 
| 
| int
| main ()
| {
| main ();
|   ;
|   return 0;
| }
configure:20337: result: no
configure:20522: checking for short
configure:20546: gcc -c -g -O2  conftest.c >&5
configure:20552: $? = 0
configure:20555: test -z 			 || test ! -s conftest.err
configure:20558: $? = 0
configure:20561: test -s conftest.o
configure:20564: $? = 0
configure:20575: result: yes
configure:20578: checking size of short
configure:20890: gcc -o conftest -g -O2   conftest.c  >&5
configure:20893: $? = 0
configure:20895: ./conftest
configure:20898: $? = 0
configure:20921: result: 2
configure:20928: checking for int
configure:20952: gcc -c -g -O2  conftest.c >&5
configure:20958: $? = 0
configure:20961: test -z 			 || test ! -s conftest.err
configure:20964: $? = 0
configure:20967: test -s conftest.o
configure:20970: $? = 0
configure:20981: result: yes
configure:20984: checking size of int
configure:21296: gcc -o conftest -g -O2   conftest.c  >&5
configure:21299: $? = 0
configure:21301: ./conftest
configure:21304: $? = 0
configure:21327: result: 4
configure:21334: checking for long
configure:21358: gcc -c -g -O2  conftest.c >&5
configure:21364: $? = 0
configure:21367: test -z 			 || test ! -s conftest.err
configure:21370: $? = 0
configure:21373: test -s conftest.o
configure:21376: $? = 0
configure:21387: result: yes
configure:21390: checking size of long
configure:21702: gcc -o conftest -g -O2   conftest.c  >&5
configure:21705: $? = 0
configure:21707: ./conftest
configure:21710: $? = 0
configure:21733: result: 4
configure:21740: checking for long long
configure:21764: gcc -c -g -O2  conftest.c >&5
configure:21770: $? = 0
configure:21773: test -z 			 || test ! -s conftest.err
configure:21776: $? = 0
configure:21779: test -s conftest.o
configure:21782: $? = 0
configure:21793: result: yes
configure:21796: checking size of long long
configure:22108: gcc -o conftest -g -O2   conftest.c  >&5
configure:22111: $? = 0
configure:22113: ./conftest
configure:22116: $? = 0
configure:22139: result: 8
configure:22300: creating ./config.status

## ---------------------- ##
## Running config.status. ##
## ---------------------- ##

This file was extended by config.status, which was
generated by GNU Autoconf 2.59.  Invocation command line was

  CONFIG_FILES    = 
  CONFIG_HEADERS  = 
  CONFIG_LINKS    = 
  CONFIG_COMMANDS = 
  $ ./config.status 

on bebox

config.status:780: creating Makefile
config.status:780: creating libspeex/Makefile
config.status:780: creating src/Makefile
config.status:780: creating doc/Makefile
config.status:780: creating Speex.spec
config.status:780: creating include/Makefile
config.status:780: creating include/speex/Makefile
config.status:780: creating speex.pc
config.status:780: creating win32/Makefile
config.status:780: creating win32/libspeex/Makefile
config.status:780: creating win32/speexenc/Makefile
config.status:780: creating win32/speexdec/Makefile
config.status:780: creating symbian/Makefile
config.status:780: creating include/speex/speex_config_types.h
config.status:780: creating ti/Makefile
config.status:780: creating ti/speex_C54_test/Makefile
config.status:780: creating ti/speex_C55_test/Makefile
config.status:780: creating ti/speex_C64_test/Makefile
config.status:846: creating config.h
config.status:1150: executing depfiles commands

## ---------------- ##
## Cache variables. ##
## ---------------- ##

ac_cv_build=i586-pc-beos
ac_cv_build_alias=i586-pc-beos
ac_cv_c_bigendian=no
ac_cv_c_compiler_gnu=yes
ac_cv_c_const=yes
ac_cv_c_inline=inline
ac_cv_c_restrict=__restrict
ac_cv_cxx_compiler_gnu=yes
ac_cv_env_CC_set=
ac_cv_env_CC_value=
ac_cv_env_CFLAGS_set=
ac_cv_env_CFLAGS_value=
ac_cv_env_CPPFLAGS_set=
ac_cv_env_CPPFLAGS_value=
ac_cv_env_CPP_set=
ac_cv_env_CPP_value=
ac_cv_env_CXXCPP_set=
ac_cv_env_CXXCPP_value=
ac_cv_env_CXXFLAGS_set=
ac_cv_env_CXXFLAGS_value=
ac_cv_env_CXX_set=
ac_cv_env_CXX_value=
ac_cv_env_F77_set=
ac_cv_env_F77_value=
ac_cv_env_FFLAGS_set=
ac_cv_env_FFLAGS_value=
ac_cv_env_LDFLAGS_set=
ac_cv_env_LDFLAGS_value=
ac_cv_env_build_alias_set=
ac_cv_env_build_alias_value=
ac_cv_env_host_alias_set=
ac_cv_env_host_alias_value=
ac_cv_env_target_alias_set=
ac_cv_env_target_alias_value=
ac_cv_exeext=
ac_cv_f77_compiler_gnu=no
ac_cv_func_getopt_long=yes
ac_cv_header_dlfcn_h=no
ac_cv_header_inttypes_h=yes
ac_cv_header_memory_h=yes
ac_cv_header_stdc=yes
ac_cv_header_stdint_h=no
ac_cv_header_stdlib_h=yes
ac_cv_header_string_h=yes
ac_cv_header_strings_h=yes
ac_cv_header_sys_audioio_h=no
ac_cv_header_sys_soundcard_h=no
ac_cv_header_sys_stat_h=yes
ac_cv_header_sys_types_h=yes
ac_cv_header_unistd_h=yes
ac_cv_host=i586-pc-beos
ac_cv_host_alias=i586-pc-beos
ac_cv_lib_m_sin=no
ac_cv_lib_winmm_main=no
ac_cv_objext=o
ac_cv_path_install='/bin/install -c'
ac_cv_prog_AWK=gawk
ac_cv_prog_CPP='gcc -E'
ac_cv_prog_CXXCPP='g++ -E'
ac_cv_prog_ac_ct_AR=ar
ac_cv_prog_ac_ct_CC=gcc
ac_cv_prog_ac_ct_CXX=g++
ac_cv_prog_ac_ct_RANLIB=ranlib
ac_cv_prog_ac_ct_STRIP=strip
ac_cv_prog_cc_g=yes
ac_cv_prog_cc_stdc=
ac_cv_prog_cxx_g=yes
ac_cv_prog_egrep='grep -E'
ac_cv_prog_f77_g=no
ac_cv_prog_make_make_set=yes
ac_cv_sizeof_int=4
ac_cv_sizeof_long=4
ac_cv_sizeof_long_long=8
ac_cv_sizeof_short=2
ac_cv_type_int=yes
ac_cv_type_long=yes
ac_cv_type_long_long=yes
ac_cv_type_short=yes
am_cv_CC_dependencies_compiler_type=gcc
am_cv_CXX_dependencies_compiler_type=gcc
lt_cv_deplibs_check_method=pass_all
lt_cv_file_magic_cmd='$MAGIC_CMD'
lt_cv_file_magic_test_file=
lt_cv_ld_reload_flag=-r
lt_cv_objdir=.libs
lt_cv_path_LD=/boot/develop/tools/gnupro/i586-pc-beos/bin/ld
lt_cv_path_LDCXX=/boot/develop/tools/gnupro/i586-pc-beos/bin/ld
lt_cv_path_NM='/bin/nm -B'
lt_cv_path_SED=/bin/sed
lt_cv_prog_compiler_c_o=yes
lt_cv_prog_compiler_c_o_CXX=yes
lt_cv_prog_compiler_rtti_exceptions=yes
lt_cv_prog_gnu_ld=yes
lt_cv_prog_gnu_ldcxx=yes
lt_cv_sys_global_symbol_pipe='sed -n -e '\''s/^.*[ 	]\([ABCDGIRSTW][ABCDGIRSTW]*\)[ 	][ 	]*\(\)\([_A-Za-z][_A-Za-z0-9]*\)$/\1 \2\3 \3/p'\'''
lt_cv_sys_global_symbol_to_c_name_address='sed -n -e '\''s/^: \([^ ]*\) $/  {\"\1\", (lt_ptr) 0},/p'\'' -e '\''s/^[BCDEGRST] \([^ ]*\) \([^ ]*\)$/  {"\2", (lt_ptr) \&\2},/p'\'''
lt_cv_sys_global_symbol_to_cdecl='sed -n -e '\''s/^. .* \(.*\)$/extern int \1;/p'\'''
lt_cv_sys_max_cmd_len=262144
lt_lt_cv_prog_compiler_c_o='"yes"'
lt_lt_cv_prog_compiler_c_o_CXX='"yes"'
lt_lt_cv_sys_global_symbol_pipe='"sed -n -e '\''s/^.*[ 	]\\([ABCDGIRSTW][ABCDGIRSTW]*\\)[ 	][ 	]*\\(\\)\\([_A-Za-z][_A-Za-z0-9]*\\)\$/\\1 \\2\\3 \\3/p'\''"'
lt_lt_cv_sys_global_symbol_to_c_name_address='"sed -n -e '\''s/^: \\([^ ]*\\) \$/  {\\\"\\1\\\", (lt_ptr) 0},/p'\'' -e '\''s/^[BCDEGRST] \\([^ ]*\\) \\([^ ]*\\)\$/  {\"\\2\", (lt_ptr) \\&\\2},/p'\''"'
lt_lt_cv_sys_global_symbol_to_cdecl='"sed -n -e '\''s/^. .* \\(.*\\)\$/extern int \\1;/p'\''"'

## ----------------- ##
## Output variables. ##
## ----------------- ##

ACLOCAL='${SHELL} /boot/home/work/speex-1.1.12/missing --run aclocal-1.8'
AMDEPBACKSLASH='\'
AMDEP_FALSE='#'
AMDEP_TRUE=''
AMTAR='${SHELL} /boot/home/work/speex-1.1.12/missing --run tar'
AR='ar'
AUTOCONF='${SHELL} /boot/home/work/speex-1.1.12/missing --run autoconf'
AUTOHEADER='${SHELL} /boot/home/work/speex-1.1.12/missing --run autoheader'
AUTOMAKE='${SHELL} /boot/home/work/speex-1.1.12/missing --run automake-1.8'
AWK='gawk'
CC='gcc'
CCDEPMODE='depmode=gcc'
CFLAGS='-g -O2'
CPP='gcc -E'
CPPFLAGS=''
CXX='g++'
CXXCPP='g++ -E'
CXXDEPMODE='depmode=gcc'
CXXFLAGS='-g -O2'
CYGPATH_W='echo'
DEFS='-DHAVE_CONFIG_H'
DEPDIR='.deps'
ECHO='echo'
ECHO_C=''
ECHO_N='-n'
ECHO_T=''
EGREP='grep -E'
EXEEXT=''
F77=''
FFLAGS=''
INSTALL_DATA='${INSTALL} -m 644'
INSTALL_PROGRAM='${INSTALL}'
INSTALL_SCRIPT='${INSTALL}'
INSTALL_STRIP_PROGRAM='${SHELL} $(install_sh) -c -s'
LDFLAGS=''
LIBOBJS=''
LIBS=''
LIBTOOL='$(SHELL) $(top_builddir)/libtool'
LN_S='ln -s'
LTLIBOBJS=''
MAINT='#'
MAINTAINER_MODE_FALSE=''
MAINTAINER_MODE_TRUE='#'
MAKEINFO='${SHELL} /boot/home/work/speex-1.1.12/missing --run makeinfo'
OBJEXT='o'
OGG_CFLAGS=''
OGG_LIBS=''
PACKAGE='speex'
PACKAGE_BUGREPORT=''
PACKAGE_NAME=''
PACKAGE_STRING=''
PACKAGE_TARNAME=''
PACKAGE_VERSION=''
PATH_SEPARATOR=':'
RANLIB='ranlib'
SET_MAKE=''
SHELL='/bin/sh'
SIZE16='short'
SIZE32='int'
SPEEX_LT_AGE='2'
SPEEX_LT_CURRENT='3'
SPEEX_LT_REVISION='0'
SPEEX_VERSION='1.1.12'
STRIP='strip'
VERSION='1.1.12'
ac_ct_AR='ar'
ac_ct_CC='gcc'
ac_ct_CXX='g++'
ac_ct_F77=''
ac_ct_RANLIB='ranlib'
ac_ct_STRIP='strip'
am__fastdepCC_FALSE=''
am__fastdepCC_TRUE='#'
am__fastdepCXX_FALSE=''
am__fastdepCXX_TRUE='#'
am__include='include'
am__leading_dot='.'
am__quote=''
bindir='${exec_prefix}/bin'
build='i586-pc-beos'
build_alias=''
build_cpu='i586'
build_os='beos'
build_vendor='pc'
datadir='${prefix}/share'
exec_prefix='${prefix}'
host='i586-pc-beos'
host_alias=''
host_cpu='i586'
host_os='beos'
host_vendor='pc'
includedir='${prefix}/include'
infodir='${prefix}/info'
install_sh='/boot/home/work/speex-1.1.12/install-sh'
libdir='${exec_prefix}/lib'
libexecdir='${exec_prefix}/libexec'
localstatedir='${prefix}/var'
mandir='${prefix}/man'
mkdir_p='mkdir -p -- .'
oldincludedir='/usr/include'
prefix='/usr/local'
program_transform_name='s,x,x,'
sbindir='${exec_prefix}/sbin'
sharedstatedir='${prefix}/com'
src=''
sysconfdir='${prefix}/etc'
target_alias=''

## ----------- ##
## confdefs.h. ##
## ----------- ##

#define HAVE_GETOPT_LONG 1
#define HAVE_INTTYPES_H 1
#define HAVE_MEMORY_H 1
#define HAVE_STDLIB_H 1
#define HAVE_STRINGS_H 1
#define HAVE_STRING_H 1
#define HAVE_SYS_STAT_H 1
#define HAVE_SYS_TYPES_H 1
#define HAVE_UNISTD_H 1
#define PACKAGE_BUGREPORT ""
#define PACKAGE_NAME ""
#define PACKAGE_STRING ""
#define PACKAGE_TARNAME ""
#define PACKAGE_VERSION ""
#define SIZEOF_INT 4
#define SIZEOF_LONG 4
#define SIZEOF_LONG_LONG 8
#define SIZEOF_SHORT 2
#define SPEEX_EXTRA_VERSION ""
#define SPEEX_MAJOR_VERSION 1
#define SPEEX_MICRO_VERSION 12
#define SPEEX_MINOR_VERSION 1
#define SPEEX_VERSION "1.1.12"
#define STDC_HEADERS 1
#define VAR_ARRAYS
#define restrict __restrict

configure: exit 0
